<?xml version="1.0" encoding="UTF-8"?>
<testng-results ignored="0" total="1" passed="1" failed="0" skipped="0">
  <reporter-output>
  </reporter-output>
  <suite started-at="2023-04-22T05:50:27Z" name="Test Search Functionality" finished-at="2023-04-22T05:50:48Z" duration-ms="21126">
    <groups>
    </groups>
    <test started-at="2023-04-22T05:50:27Z" name="Pepper Fry" finished-at="2023-04-22T05:50:48Z" duration-ms="21126">
      <class name="testcase.TestSearchField">
        <test-method signature="validateSearchField(java.lang.String, java.lang.String)[pri:0, instance:testcase.TestSearchField@7357a011]" started-at="2023-04-22T05:50:27Z" name="validateSearchField" finished-at="2023-04-22T05:50:48Z" duration-ms="21064" status="PASS">
          <params>
            <param index="0">
              <value>
                <![CDATA[https://www.pepperfry.com/]]>
              </value>
            </param>
            <param index="1">
              <value>
                <![CDATA[furniture]]>
              </value>
            </param>
          </params>
          <reporter-output>
          </reporter-output>
        </test-method> <!-- validateSearchField -->
      </class> <!-- testcase.TestSearchField -->
    </test> <!-- Pepper Fry -->
  </suite> <!-- Test Search Functionality -->
</testng-results>
